2025-10-07 21:16:44,532 - __main__ - INFO - Loaded 204567 sentences. Max sentence length: 4
2025-10-07 21:17:41,077 - __main__ - INFO - Loaded 204567 sentences. Max sentence length: 4
2025-10-07 21:18:14,934 - __main__ - INFO - Using device: mps
2025-10-07 21:18:14,934 - __main__ - INFO - Hello from assignment-3!
2025-10-07 21:18:14,935 - __main__ - INFO - Loading Word2Vec embeddings...
2025-10-07 21:18:14,935 - gensim.models.keyedvectors - INFO - loading projection weights from GoogleNews-vectors-negative300.bin.gz
2025-10-07 21:45:02,848 - __main__ - INFO - Loaded 0 sentences. Max sentence length: 113
2025-10-07 21:47:22,608 - __main__ - INFO - Loaded 7493 sentences. Max sentence length: 113
2025-10-07 21:53:57,301 - __main__ - INFO - Loaded 7493 sentences. Max sentence length: 113
2025-10-07 21:54:09,306 - __main__ - INFO - Loaded 1842 sentences. Max sentence length: 124
2025-10-07 21:54:30,372 - __main__ - INFO - Loaded 7493 sentences. Max sentence length: 113
2025-10-07 21:54:49,352 - __main__ - INFO - Loaded 1842 sentences. Max sentence length: 124
2025-10-07 21:55:52,907 - __main__ - INFO - Loaded 1842 sentences. Max sentence length: 124
2025-10-07 21:58:56,746 - __main__ - INFO - Loaded 1842 sentences. Max sentence length: 124
2025-10-07 21:59:09,676 - __main__ - INFO - Loaded 1842 sentences. Max sentence length: 124
2025-10-07 23:00:23,133 - __main__ - INFO - Loaded 7493 sentences. Max sentence length: 113
2025-10-07 23:07:11,473 - __main__ - INFO - Loading training data...
2025-10-07 23:07:11,897 - __main__ - INFO - Loaded 7493 sentences. Max sentence length: 113
2025-10-07 23:07:11,897 - __main__ - INFO - Loading validation/test data...
2025-10-07 23:07:11,994 - __main__ - INFO - Loaded 1733 sentences. Max sentence length: 109
2025-10-07 23:07:11,994 - __main__ - INFO - Loading validation/test data...
2025-10-07 23:07:12,104 - __main__ - INFO - Loaded 1842 sentences. Max sentence length: 124
2025-10-08 14:26:55,819 - __main__ - INFO - Using device: mps
2025-10-08 14:26:55,820 - pre_process - INFO - Loading training data...
2025-10-08 14:26:56,416 - pre_process - INFO - Loaded 7493 sentences. Max sentence length: 113
2025-10-08 14:26:56,417 - pre_process - INFO - Loading validation/test data...
2025-10-08 14:26:56,485 - pre_process - INFO - Loaded 1733 sentences. Max sentence length: 109
2025-10-08 14:26:56,485 - pre_process - INFO - Loading validation/test data...
2025-10-08 14:26:56,619 - pre_process - INFO - Loaded 1842 sentences. Max sentence length: 124
